<?xml version="1.0" encoding="UTF-8"?>
<testng-results skipped="0" failed="0" total="1" passed="1">
  <reporter-output>
  </reporter-output>
  <suite name="Suite" duration-ms="61" started-at="2017-07-25T03:31:14Z" finished-at="2017-07-25T03:31:14Z">
    <groups>
    </groups>
    <test name="Test" duration-ms="61" started-at="2017-07-25T03:31:14Z" finished-at="2017-07-25T03:31:14Z">
      <class name="com.dashboardtest.DemoTest">
        <test-method status="PASS" signature="beforeMethod()[pri:0, instance:com.dashboardtest.DemoTest@18be83e4]" name="beforeMethod" is-config="true" duration-ms="18" started-at="2017-07-25T11:31:14Z" finished-at="2017-07-25T11:31:14Z">
          <reporter-output>
          </reporter-output>
        </test-method> <!-- beforeMethod -->
        <test-method status="PASS" signature="f()[pri:0, instance:com.dashboardtest.DemoTest@18be83e4]" name="f" duration-ms="11" started-at="2017-07-25T11:31:14Z" finished-at="2017-07-25T11:31:14Z">
          <reporter-output>
          </reporter-output>
        </test-method> <!-- f -->
        <test-method status="PASS" signature="afterMethod()[pri:0, instance:com.dashboardtest.DemoTest@18be83e4]" name="afterMethod" is-config="true" duration-ms="1" started-at="2017-07-25T11:31:14Z" finished-at="2017-07-25T11:31:14Z">
          <reporter-output>
          </reporter-output>
        </test-method> <!-- afterMethod -->
      </class> <!-- com.dashboardtest.DemoTest -->
    </test> <!-- Test -->
  </suite> <!-- Suite -->
</testng-results>
